# API Support Lab

A small, fully functional support-engineering lab built to demonstrate API troubleshooting, webhook handling, incident reproduction, and structured diagnostics.

## What it shows
- FastAPI service with health, verification, and admin incident endpoints
- Webhook receiver and replay tooling
- Structured request logging with correlation IDs
- Simulated incident modes for reproducing failures
- Basic automated tests

## Quick start

### Local
```bash
python -m venv .venv
source .venv/bin/activate
pip install -r requirements.txt
uvicorn app.main:app --reload
```

Open `http://127.0.0.1:8000/docs`

### Docker
```bash
docker build -t api-support-lab .
docker run -p 8000:8000 api-support-lab
```

## Example flow
1. Check service health
```bash
curl http://127.0.0.1:8000/health
```
2. Create a verification request
```bash
curl -X POST http://127.0.0.1:8000/verifications   -H "Content-Type: application/json"   -d '{"user_id":"u-100","document_type":"passport","country":"US"}'
```
3. Trigger a simulated downstream incident
```bash
curl -X POST http://127.0.0.1:8000/admin/incident-mode/timeout
```
4. Re-run the verification request and inspect the error response and logs.

## Support scenarios this lab demonstrates
- Verify scope and reproduction steps
- Trace issues with request IDs
- Confirm health vs functional failure
- Distinguish API timeout vs validation failure vs auth failure
- Capture a clean engineering escalation with logs and reproduction steps

## Repo structure
- `app/` application code
- `docs/` support runbook and bug report example
- `scripts/` quick support utilities
- `tests/` API tests

## Suggested GitHub pin description
Mock API + webhook troubleshooting lab for support engineering, incident reproduction, and diagnostics.
